  FacadeModele.cpp
g:\log3900-09\remise\clientlourd\tutoedition\sources\dll\application\../Visiteur/visiteurDupliquerSelection.h(43): warning C4244: 'argument' : conversion de 'time_t' en 'unsigned int', perte possible de données
Application\FacadeModele.cpp(3637): warning C4267: 'initialisation' : conversion de 'size_t' en 'int', perte possible de données
Application\FacadeModele.cpp(3638): warning C4267: 'initialisation' : conversion de 'size_t' en 'int', perte possible de données
Application\FacadeModele.cpp(3780): warning C4018: '<' : incompatibilité signed/unsigned
Application\FacadeModele.cpp(3900): warning C4018: '<' : incompatibilité signed/unsigned
Application\FacadeModele.cpp(3951): warning C4018: '<' : incompatibilité signed/unsigned
Application\FacadeModele.cpp(3968): warning C4018: '<' : incompatibilité signed/unsigned
Application\FacadeModele.cpp(3985): warning C4018: '<' : incompatibilité signed/unsigned
Application\FacadeModele.cpp(4014): warning C4267: 'return' : conversion de 'size_t' en 'int', perte possible de données
Application\FacadeModele.cpp(4035): warning C4018: '<' : incompatibilité signed/unsigned
Application\FacadeModele.cpp(4046): warning C4018: '<' : incompatibilité signed/unsigned
Application\FacadeModele.cpp(4071): warning C4018: '<' : incompatibilité signed/unsigned
Application\FacadeModele.cpp(4101): warning C4018: '<' : incompatibilité signed/unsigned
Application\FacadeModele.cpp(4118): warning C4018: '<' : incompatibilité signed/unsigned
  NoeudAraignee.cpp
  NoeudConeCube.cpp
  NoeudFleche.cpp
  NoeudLigne.cpp
  NoeudMur.cpp
  NoeudPoteau.cpp
  NoeudRobot.cpp
  NoeudRoueDroite.cpp
  NoeudRoueGauche.cpp
  NoeudSegment.cpp
  NoeudTable.cpp
  Avancer.cpp
  Balayage180Degres.cpp
  balayage180etape2.cpp
  balayage180etapeFinale.cpp
  Defaut.cpp
  DeviationVersDroite.cpp
  DeviationVersGauche.cpp
  Freeze.cpp
  Compilation en cours...
  SL_DeviationVersDroite.cpp
  SL_DeviationVersGauche.cpp
  EvitementParDroite.cpp
  EvitementParGauche.cpp
  SuiviDeLigne.cpp
  ConfigScene.cpp
  ArbreRendu.cpp
  ArbreRenduINF2990.cpp
  NoeudAbstrait.cpp
Arbre\Noeuds\NoeudAbstrait.cpp(545): warning C4244: '=' : conversion de 'short' en 'GLubyte', perte possible de données
Arbre\Noeuds\NoeudAbstrait.cpp(546): warning C4244: '=' : conversion de 'short' en 'GLubyte', perte possible de données
Arbre\Noeuds\NoeudAbstrait.cpp(547): warning C4244: '=' : conversion de 'short' en 'GLubyte', perte possible de données
  NoeudComposite.cpp
  Debug.cpp
  Profil.cpp
  FacadeInterfaceNative.cpp
  VisiteurAnnulerRotationSelection.cpp
  VisiteurDeplacerSelection.cpp
  VisiteurDetectionNoeud.cpp
  VisiteurDeterminerCentreSelection.cpp
  VisiteurInitialisationPosition.cpp
  VisiteurInitialisationScale.cpp
  VisiteurRotateSelection.cpp
  Compilation en cours...
  visiteurRotationUnObjet.cpp
  VisiteurScaleSelection.cpp
  visiteurSelectElastique.cpp
  visiteurSelectObjet.cpp
  VisiteurDupliquerSelection.cpp
g:\log3900-09\remise\clientlourd\tutoedition\sources\dll\visiteur\VisiteurDupliquerSelection.h(43): warning C4244: 'argument' : conversion de 'time_t' en 'unsigned int', perte possible de données
  VisiteurVerifierCollision.cpp
  VisiteurVerifierDeplacementDuplication.cpp
  VisiteurVersXML.cpp
     Création de la bibliothèque ..\..\Exe\Noyau.lib et de l'objet ..\..\Exe\Noyau.exp
  Génération de code en cours
  3360 of 3637 functions (92.4%) were compiled, the rest were copied from previous compilation.
    381 functions were new in current compilation
    9 functions had inline decision re-evaluated but remain unchanged
  Fin de la génération du code
tinyxml_R_x64.lib(tinyxml2.obj) : warning LNK4099: PDB 'tinyxml2.pdb' n'a pu être trouvé avec 'tinyxml_R_x64.lib(tinyxml2.obj)' ou sur 'G:\log3900-09\Remise\ClientLourd\TutoEdition\Exe\tinyxml2.pdb' ; l'objet sera lié sans informations de débogage
  Noyau.vcxproj -> G:\log3900-09\Remise\ClientLourd\TutoEdition\Sources\DLL\..\..\Exe\Noyau.dll
  Noyau.vcxproj -> ..\..\Exe\Noyau.pdb (Full PDB)
